[debug] [2022-07-02T23:44:25.783Z] ----------------------------------------------------------------------
[debug] [2022-07-02T23:44:25.785Z] Command:       C:\Program Files\nodejs\node.exe C:\Users\lolo\AppData\Roaming\npm\node_modules\firebase-tools\lib\bin\firebase.js init hosting
[debug] [2022-07-02T23:44:25.785Z] CLI Version:   11.2.0
[debug] [2022-07-02T23:44:25.785Z] Platform:      win32
[debug] [2022-07-02T23:44:25.786Z] Node Version:  v16.15.0
[debug] [2022-07-02T23:44:25.786Z] Time:          Sat Jul 02 2022 18:44:25 GMT-0500 (Central Daylight Time)
[debug] [2022-07-02T23:44:25.787Z] ----------------------------------------------------------------------
[debug] 
[debug] [2022-07-02T23:44:25.793Z] > command requires scopes: ["email","openid","https://www.googleapis.com/auth/cloudplatformprojects.readonly","https://www.googleapis.com/auth/firebase","https://www.googleapis.com/auth/cloud-platform"]
[debug] [2022-07-02T23:44:25.794Z] > authorizing via signed-in user (fernandobh.ti19@utsjr.edu.mx)
[info] 
     ######## #### ########  ######## ########     ###     ######  ########
     ##        ##  ##     ## ##       ##     ##  ##   ##  ##       ##
     ######    ##  ########  ######   ########  #########  ######  ######
     ##        ##  ##    ##  ##       ##     ## ##     ##       ## ##
     ##       #### ##     ## ######## ########  ##     ##  ######  ########

You're about to initialize a Firebase project in this directory:

  C:\Users\lolo\Desktop\mean-empleados\mean-empleados

[info] 
=== Project Setup
[info] 
[info] First, let's associate this project directory with a Firebase project.
[info] You can create multiple project aliases by running firebase use --add, 
[info] but for now we'll just set up a default project.
[info] 
[debug] [2022-07-02T23:44:43.182Z] >>> [apiv2][query] GET https://firebase.googleapis.com/v1beta1/projects pageSize=100
[debug] [2022-07-02T23:44:43.633Z] <<< [apiv2][status] GET https://firebase.googleapis.com/v1beta1/projects 200
[debug] [2022-07-02T23:44:43.633Z] <<< [apiv2][body] GET https://firebase.googleapis.com/v1beta1/projects [omitted]
[debug] [2022-07-02T23:45:15.689Z] ----------------------------------------------------------------------
[debug] [2022-07-02T23:45:15.691Z] Command:       C:\Program Files\nodejs\node.exe C:\Users\lolo\AppData\Roaming\npm\node_modules\firebase-tools\lib\bin\firebase.js init hosting
[debug] [2022-07-02T23:45:15.691Z] CLI Version:   11.2.0
[debug] [2022-07-02T23:45:15.691Z] Platform:      win32
[debug] [2022-07-02T23:45:15.692Z] Node Version:  v16.15.0
[debug] [2022-07-02T23:45:15.692Z] Time:          Sat Jul 02 2022 18:45:15 GMT-0500 (Central Daylight Time)
[debug] [2022-07-02T23:45:15.693Z] ----------------------------------------------------------------------
[debug] 
[debug] [2022-07-02T23:45:15.700Z] > command requires scopes: ["email","openid","https://www.googleapis.com/auth/cloudplatformprojects.readonly","https://www.googleapis.com/auth/firebase","https://www.googleapis.com/auth/cloud-platform"]
[debug] [2022-07-02T23:45:15.700Z] > authorizing via signed-in user (fernandobh.ti19@utsjr.edu.mx)
[info] 
     ######## #### ########  ######## ########     ###     ######  ########
     ##        ##  ##     ## ##       ##     ##  ##   ##  ##       ##
     ######    ##  ########  ######   ########  #########  ######  ######
     ##        ##  ##    ##  ##       ##     ## ##     ##       ## ##
     ##       #### ##     ## ######## ########  ##     ##  ######  ########

You're about to initialize a Firebase project in this directory:

  C:\Users\lolo\Desktop\mean-empleados\mean-empleados

[info] 
=== Project Setup
[info] 
[info] First, let's associate this project directory with a Firebase project.
[info] You can create multiple project aliases by running firebase use --add, 
[info] but for now we'll just set up a default project.
[info] 
[info] i  If you want to create a project in a Google Cloud organization or folder, please use "firebase projects:create" instead, and return to this command when you've created the project. 
[debug] [2022-07-02T23:52:17.396Z] >>> [apiv2][query] POST https://cloudresourcemanager.googleapis.com/v1/projects [none]
[debug] [2022-07-02T23:52:17.397Z] >>> [apiv2][body] POST https://cloudresourcemanager.googleapis.com/v1/projects {"projectId":"proyectoEmpleados","name":"proyectoEmpleadosDS02"}
[debug] [2022-07-02T23:52:17.881Z] <<< [apiv2][status] POST https://cloudresourcemanager.googleapis.com/v1/projects 400
[debug] [2022-07-02T23:52:17.881Z] <<< [apiv2][body] POST https://cloudresourcemanager.googleapis.com/v1/projects {"error":{"code":400,"message":"field [project_id] has issue [project_id contains invalid characters]","status":"INVALID_ARGUMENT","details":[{"@type":"type.googleapis.com/google.rpc.BadRequest","fieldViolations":[{"field":"project_id","description":"project_id contains invalid characters"}]},{"@type":"type.googleapis.com/google.rpc.Help","links":[{"url":"https://cloud.google.com/resource-manager/reference/rest/v1/projects"}]}]}}
[debug] [2022-07-02T23:52:18.066Z] FirebaseError: HTTP Error: 400, field [project_id] has issue [project_id contains invalid characters]
    at responseToError (C:\Users\lolo\AppData\Roaming\npm\node_modules\firebase-tools\lib\responseToError.js:49:12)
    at RetryOperation._fn (C:\Users\lolo\AppData\Roaming\npm\node_modules\firebase-tools\lib\apiv2.js:287:77)
    at processTicksAndRejections (node:internal/process/task_queues:96:5)
[error] 
[error] Error: Failed to create project. See firebase-debug.log for more info.
